\BOOKMARK [0][-]{chapter*.1}{Abstract}{}% 1
\BOOKMARK [0][-]{chapter*.3}{List of Figures}{}% 2
\BOOKMARK [0][-]{chapter*.4}{List of Tables}{}% 3
\BOOKMARK [0][-]{chapter*.4}{List of Abbreviations}{}% 4
\BOOKMARK [0][-]{chapter.1}{Introduction}{}% 5
\BOOKMARK [0][-]{chapter.2}{Background}{}% 6
\BOOKMARK [1][-]{section.2.1}{Sustainability}{chapter.2}% 7
\BOOKMARK [1][-]{section.2.2}{Sustainability and IT}{chapter.2}% 8
\BOOKMARK [0][-]{chapter.3}{Related work in Sustainable Software Engineering}{}% 9
\BOOKMARK [1][-]{section.3.1}{state of research}{chapter.3}% 10
\BOOKMARK [2][-]{subsection.3.1.1}{Principles, Guidelines, Best practices}{section.3.1}% 11
\BOOKMARK [2][-]{subsection.3.1.2}{Approaches / different stages}{section.3.1}% 12
\BOOKMARK [2][-]{subsection.3.1.3}{Models and metrics}{section.3.1}% 13
\BOOKMARK [2][-]{subsection.3.1.4}{case studies, concrete examples, practical adoption?}{section.3.1}% 14
\BOOKMARK [1][-]{section.3.2}{The SECoMo approach}{chapter.3}% 15
\BOOKMARK [2][-]{subsection.3.2.1}{What is SECoMo about?}{section.3.2}% 16
\BOOKMARK [2][-]{subsection.3.2.2}{How can SECoMo be integrated in a software engineering project?}{section.3.2}% 17
\BOOKMARK [0][-]{chapter.4}{Contributions}{}% 18
\BOOKMARK [1][-]{section.4.1}{Why sustainable software engineering is not yet used in practice\(?!\)}{chapter.4}% 19
\BOOKMARK [1][-]{section.4.2}{SeCoMo in the context of Sustainable SW Engineering}{chapter.4}% 20
\BOOKMARK [0][-]{chapter.5}{Findings\(?\)}{}% 21
\BOOKMARK [0][-]{chapter.6}{Conclusion}{}% 22
\BOOKMARK [0][-]{appendix*.5}{Bibliography}{}% 23
\BOOKMARK [-1][-]{section*.6}{Appendix}{}% 24
\BOOKMARK [0][-]{appendix.A}{First class of appendices}{section*.6}% 25
\BOOKMARK [1][-]{section.A.1}{Some appendix}{appendix.A}% 26
